


2 @ 0x4324f0 0x42bcb0 0x42b2dd 0x4d1ac1 0x4d2c47 0x4d4272 0x591446 0x5a47ff 0x468d3f 0x468eef 0x716046 0x7338b7 0x45edb1
#       0x42b2dc        internal/poll.runtime_pollWait+0x6c                             C:/Go/src/runtime/netpoll.go:173
#       0x4d1ac0        internal/poll.(*pollDesc).wait+0xa0                             C:/Go/src/internal/poll/fd_poll_runtime.go:85
#       0x4d2c46        internal/poll.(*ioSrv).ExecIO+0x136                             C:/Go/src/internal/poll/fd_windows.go:222
#       0x4d4271        internal/poll.(*FD).Read+0x251                                  C:/Go/src/internal/poll/fd_windows.go:487
#       0x591445        net.(*netFD).Read+0x55                                          C:/Go/src/net/fd_windows.go:152
#       0x5a47fe        net.(*conn).Read+0x6e                                           C:/Go/src/net/net.go:177
#       0x468d3e        io.ReadAtLeast+0x8e                                             C:/Go/src/io/io.go:310
#       0x468eee        io.ReadFull+0x5e                                                C:/Go/src/io/io.go:329
#       0x716045        github.com/eclipse/paho.mqtt.golang/packets.ReadPacket+0xa5     C:/Users/A6265078/go/src/github.com/eclipse/paho.mqtt.golang/packets/packets.go:105
#       0x7338b6        github.com/eclipse/paho%2emqtt%2egolang.incoming+0x136          C:/Users/A6265078/go/src/github.com/eclipse/paho.mqtt.golang/net.go:132

2 @ 0x4324f0 0x442202 0x7340b5 0x45edb1
#       0x7340b4        github.com/eclipse/paho%2emqtt%2egolang.outgoing+0x274  C:/Users/A6265078/go/src/github.com/eclipse/paho.mqtt.golang/net.go:171

2 @ 0x4324f0 0x442202 0x734f4f 0x45edb1
#       0x734f4e        github.com/eclipse/paho%2emqtt%2egolang.alllogic+0x21e  C:/Users/A6265078/go/src/github.com/eclipse/paho.mqtt.golang/net.go:240

2 @ 0x4324f0 0x442202 0x736ae8 0x45edb1
#       0x736ae7        github.com/eclipse/paho%2emqtt%2egolang.errorWatch+0xf7 C:/Users/A6265078/go/src/github.com/eclipse/paho.mqtt.golang/net.go:346

2 @ 0x4324f0 0x442202 0x738099 0x45edb1
#       0x738098        github.com/eclipse/paho%2emqtt%2egolang.keepalive+0x1f8 C:/Users/A6265078/go/src/github.com/eclipse/paho.mqtt.golang/ping.go:41

2 @ 0x4324f0 0x442202 0x73c8d1 0x45edb1
#       0x73c8d0        github.com/eclipse/paho%2emqtt%2egolang.(*router).matchAndDispatch.func1+0x3c0  C:/Users/A6265078/go/src/github.com/eclipse/paho.mqtt.golang/router.go:145

1 @ 0x4324f0 0x42bcb0 0x42b2dd 0x4d1ac1 0x4d2c47 0x4d4272 0x591446 0x5a47ff 0x6182cd 0x618436 0x748de7 0x74b443 0x74c497 0x74cc76 0xa7307c 0xa7d641 0xa203b1 0xa36566 0xa203b1 0xa33481 0xa203b1 0xa327f8 0xa203b1 0xa29eb2 0xa296e9 0x699d42 0x695e4d 0x45edb1
#       0x42b2dc        internal/poll.runtime_pollWait+0x6c                             C:/Go/src/runtime/netpoll.go:173
#       0x4d1ac0        internal/poll.(*pollDesc).wait+0xa0                             C:/Go/src/internal/poll/fd_poll_runtime.go:85
#       0x4d2c46        internal/poll.(*ioSrv).ExecIO+0x136                             C:/Go/src/internal/poll/fd_windows.go:222
#       0x4d4271        internal/poll.(*FD).Read+0x251                                  C:/Go/src/internal/poll/fd_windows.go:487
#       0x591445        net.(*netFD).Read+0x55                                          C:/Go/src/net/fd_windows.go:152
#       0x5a47fe        net.(*conn).Read+0x6e                                           C:/Go/src/net/net.go:177
#       0x6182cc        bufio.(*Reader).fill+0x10c                                      C:/Go/src/bufio/bufio.go:100
#       0x618435        bufio.(*Reader).Peek+0x45                                       C:/Go/src/bufio/bufio.go:132
#       0x748de6        github.com/gorilla/websocket.(*Conn).read+0x46                  C:/Users/A6265078/go/src/github.com/gorilla/websocket/conn.go:357
#       0x74b442        github.com/gorilla/websocket.(*Conn).advanceFrame+0x62          C:/Users/A6265078/go/src/github.com/gorilla/websocket/conn.go:788
#       0x74c496        github.com/gorilla/websocket.(*Conn).NextReader+0xa6            C:/Users/A6265078/go/src/github.com/gorilla/websocket/conn.go:948
#       0x74cc75        github.com/gorilla/websocket.(*Conn).ReadMessage+0x35           C:/Users/A6265078/go/src/github.com/gorilla/websocket/conn.go:1029
#       0xa7307b        main.wshandler+0x18b                                            C:/Users/A6265078/Desktop/Flogo/gingonic/user/main.go:205
#       0xa7d640        main.main.func1+0x70                                            C:/Users/A6265078/Desktop/Flogo/gingonic/user/main.go:140
#       0xa203b0        github.com/gin-gonic/gin.(*Context).Next+0x40                   C:/Users/A6265078/go/src/github.com/gin-gonic/gin/context.go:109
#       0xa36565        github.com/gin-gonic/contrib/sessions.Sessions.func1+0x1a5      C:/Users/A6265078/go/src/github.com/gin-gonic/contrib/sessions/sessions.go:65
#       0xa203b0        github.com/gin-gonic/gin.(*Context).Next+0x40                   C:/Users/A6265078/go/src/github.com/gin-gonic/gin/context.go:109
#       0xa33480        github.com/gin-gonic/gin.RecoveryWithWriter.func1+0x60          C:/Users/A6265078/go/src/github.com/gin-gonic/gin/recovery.go:76
#       0xa203b0        github.com/gin-gonic/gin.(*Context).Next+0x40                   C:/Users/A6265078/go/src/github.com/gin-gonic/gin/context.go:109
#       0xa327f7        github.com/gin-gonic/gin.LoggerWithConfig.func1+0xe7            C:/Users/A6265078/go/src/github.com/gin-gonic/gin/logger.go:170
#       0xa203b0        github.com/gin-gonic/gin.(*Context).Next+0x40                   C:/Users/A6265078/go/src/github.com/gin-gonic/gin/context.go:109
#       0xa29eb1        github.com/gin-gonic/gin.(*Engine).handleHTTPRequest+0x5b1      C:/Users/A6265078/go/src/github.com/gin-gonic/gin/gin.go:383
#       0xa296e8        github.com/gin-gonic/gin.(*Engine).ServeHTTP+0x138              C:/Users/A6265078/go/src/github.com/gin-gonic/gin/gin.go:349
#       0x699d41        net/http.serverHandler.ServeHTTP+0xb1                           C:/Go/src/net/http/server.go:2741
#       0x695e4c        net/http.(*conn).serve+0x64c                                    C:/Go/src/net/http/server.go:1847

1 @ 0x4324f0 0x42bcb0 0x42b2dd 0x4d1ac1 0x4d2c47 0x4d4272 0x591446 0x5a47ff 0x690d63 0x6182cd 0x618436 0x6929be 0x695ca5 0x45edb1
#       0x42b2dc        internal/poll.runtime_pollWait+0x6c     C:/Go/src/runtime/netpoll.go:173
#       0x4d1ac0        internal/poll.(*pollDesc).wait+0xa0     C:/Go/src/internal/poll/fd_poll_runtime.go:85
#       0x4d2c46        internal/poll.(*ioSrv).ExecIO+0x136     C:/Go/src/internal/poll/fd_windows.go:222
#       0x4d4271        internal/poll.(*FD).Read+0x251          C:/Go/src/internal/poll/fd_windows.go:487
#       0x591445        net.(*netFD).Read+0x55                  C:/Go/src/net/fd_windows.go:152
#       0x5a47fe        net.(*conn).Read+0x6e                   C:/Go/src/net/net.go:177
#       0x690d62        net/http.(*connReader).Read+0x102       C:/Go/src/net/http/server.go:786
#       0x6182cc        bufio.(*Reader).fill+0x10c              C:/Go/src/bufio/bufio.go:100
#       0x618435        bufio.(*Reader).Peek+0x45               C:/Go/src/bufio/bufio.go:132
#       0x6929bd        net/http.(*conn).readRequest+0xb2d      C:/Go/src/net/http/server.go:963
#       0x695ca4        net/http.(*conn).serve+0x4a4            C:/Go/src/net/http/server.go:1788

1 @ 0x4324f0 0x42bcb0 0x42b2dd 0x4d1ac1 0x4d2c47 0x4d5e19 0x4d60b2 0x591d61 0x5ac975 0x5ab37e 0x69b606 0x6bbd13 0x69a1c6 0x699e6d 0x69afbb 0xa28dff 0xa72c32 0x432117 0x45edb1
#       0x42b2dc        internal/poll.runtime_pollWait+0x6c             C:/Go/src/runtime/netpoll.go:173
#       0x4d1ac0        internal/poll.(*pollDesc).wait+0xa0             C:/Go/src/internal/poll/fd_poll_runtime.go:85
#       0x4d2c46        internal/poll.(*ioSrv).ExecIO+0x136             C:/Go/src/internal/poll/fd_windows.go:222
#       0x4d5e18        internal/poll.(*FD).acceptOne+0xa8              C:/Go/src/internal/poll/fd_windows.go:796
#       0x4d60b1        internal/poll.(*FD).Accept+0x141                C:/Go/src/internal/poll/fd_windows.go:830
#       0x591d60        net.(*netFD).accept+0x80                        C:/Go/src/net/fd_windows.go:193
#       0x5ac974        net.(*TCPListener).accept+0x34                  C:/Go/src/net/tcpsock_posix.go:139
#       0x5ab37d        net.(*TCPListener).AcceptTCP+0x4d               C:/Go/src/net/tcpsock.go:247
#       0x69b605        net/http.tcpKeepAliveListener.Accept+0x35       C:/Go/src/net/http/server.go:3232
#       0x69a1c5        net/http.(*Server).Serve+0x235                  C:/Go/src/net/http/server.go:2826
#       0x699e6c        net/http.(*Server).ListenAndServe+0xbc          C:/Go/src/net/http/server.go:2764
#       0x69afba        net/http.ListenAndServe+0x7a                    C:/Go/src/net/http/server.go:3004
#       0xa28dfe        github.com/gin-gonic/gin.(*Engine).Run+0x13e    C:/Users/A6265078/go/src/github.com/gin-gonic/gin/gin.go:293
#       0xa72c31        main.main+0x11a1                                C:/Users/A6265078/Desktop/Flogo/gingonic/user/main.go:190
#       0x432116        runtime.main+0x206                              C:/Go/src/runtime/proc.go:201

1 @ 0x4324f0 0x4325aa 0x4072ac 0x406f8b 0xa7313d 0x45edb1
#       0xa7313c        main.handleMessages+0x7c        C:/Users/A6265078/Desktop/Flogo/gingonic/user/main.go:220

1 @ 0x4324f0 0x442202 0x760dbf 0x45edb1
#       0x760dbe        database/sql.(*DB).connectionOpener+0xee        C:/Go/src/database/sql/sql.go:1001

1 @ 0x4324f0 0x442202 0x760f02 0x45edb1
#       0x760f01        database/sql.(*DB).connectionResetter+0x101     C:/Go/src/database/sql/sql.go:1014

1 @ 0x4429a3 0x7debb6 0x45edb1
#       0x7debb5        _/C_/Users/A6265078/Desktop/Flogo/gingonic/user/mod.ModMqProcess+0x195  C:/Users/A6265078/Desktop/Flogo/gingonic/user/mod/mod.go:56

1 @ 0x70a3df 0x70a1d7 0x706bfb 0x7e0711 0x45edb1
#       0x70a3de        runtime/pprof.writeRuntimeProfile+0x9e                                  C:/Go/src/runtime/pprof/pprof.go:707
#       0x70a1d6        runtime/pprof.writeGoroutine+0xa6                                       C:/Go/src/runtime/pprof/pprof.go:669
#       0x706bfa        runtime/pprof.(*Profile).WriteTo+0x3ea                                  C:/Go/src/runtime/pprof/pprof.go:328
#       0x7e0710        _/C_/Users/A6265078/Desktop/Flogo/gingonic/user/mod.ModReadWrite+0x1d0  C:/Users/A6265078/Desktop/Flogo/gingonic/user/mod/mod.go:229

3 @ 0x4324f0 0x42bcb0 0x42b2dd 0x4d1ac1 0x4d2c47 0x4d4272 0x591446 0x5a47ff 0x468d3f 0x468eef 0x716046 0x7338b7 0x45edb1
#       0x42b2dc        internal/poll.runtime_pollWait+0x6c                             C:/Go/src/runtime/netpoll.go:173
#       0x4d1ac0        internal/poll.(*pollDesc).wait+0xa0                             C:/Go/src/internal/poll/fd_poll_runtime.go:85
#       0x4d2c46        internal/poll.(*ioSrv).ExecIO+0x136                             C:/Go/src/internal/poll/fd_windows.go:222
#       0x4d4271        internal/poll.(*FD).Read+0x251                                  C:/Go/src/internal/poll/fd_windows.go:487
#       0x591445        net.(*netFD).Read+0x55                                          C:/Go/src/net/fd_windows.go:152
#       0x5a47fe        net.(*conn).Read+0x6e                                           C:/Go/src/net/net.go:177
#       0x468d3e        io.ReadAtLeast+0x8e                                             C:/Go/src/io/io.go:310
#       0x468eee        io.ReadFull+0x5e                                                C:/Go/src/io/io.go:329
#       0x716045        github.com/eclipse/paho.mqtt.golang/packets.ReadPacket+0xa5     C:/Users/A6265078/go/src/github.com/eclipse/paho.mqtt.golang/packets/packets.go:105
#       0x7338b6        github.com/eclipse/paho%2emqtt%2egolang.incoming+0x136          C:/Users/A6265078/go/src/github.com/eclipse/paho.mqtt.golang/net.go:132

3 @ 0x4324f0 0x442202 0x7340b5 0x45edb1
#       0x7340b4        github.com/eclipse/paho%2emqtt%2egolang.outgoing+0x274  C:/Users/A6265078/go/src/github.com/eclipse/paho.mqtt.golang/net.go:171

3 @ 0x4324f0 0x442202 0x734f4f 0x45edb1
#       0x734f4e        github.com/eclipse/paho%2emqtt%2egolang.alllogic+0x21e  C:/Users/A6265078/go/src/github.com/eclipse/paho.mqtt.golang/net.go:240

3 @ 0x4324f0 0x442202 0x736ae8 0x45edb1
#       0x736ae7        github.com/eclipse/paho%2emqtt%2egolang.errorWatch+0xf7 C:/Users/A6265078/go/src/github.com/eclipse/paho.mqtt.golang/net.go:346

3 @ 0x4324f0 0x442202 0x738099 0x45edb1
#       0x738098        github.com/eclipse/paho%2emqtt%2egolang.keepalive+0x1f8 C:/Users/A6265078/go/src/github.com/eclipse/paho.mqtt.golang/ping.go:41

3 @ 0x4324f0 0x442202 0x73c8d1 0x45edb1
#       0x73c8d0        github.com/eclipse/paho%2emqtt%2egolang.(*router).matchAndDispatch.func1+0x3c0  C:/Users/A6265078/go/src/github.com/eclipse/paho.mqtt.golang/router.go:145

1 @ 0x4324f0 0x42bcb0 0x42b2dd 0x4d1ac1 0x4d2c47 0x4d4272 0x591446 0x5a47ff 0x6182cd 0x618436 0x748de7 0x74b443 0x74c497 0x74cc76 0xa7307c 0xa7d641 0xa203b1 0xa36566 0xa203b1 0xa33481 0xa203b1 0xa327f8 0xa203b1 0xa29eb2 0xa296e9 0x699d42 0x695e4d 0x45edb1
#       0x42b2dc        internal/poll.runtime_pollWait+0x6c                             C:/Go/src/runtime/netpoll.go:173
#       0x4d1ac0        internal/poll.(*pollDesc).wait+0xa0                             C:/Go/src/internal/poll/fd_poll_runtime.go:85
#       0x4d2c46        internal/poll.(*ioSrv).ExecIO+0x136                             C:/Go/src/internal/poll/fd_windows.go:222
#       0x4d4271        internal/poll.(*FD).Read+0x251                                  C:/Go/src/internal/poll/fd_windows.go:487
#       0x591445        net.(*netFD).Read+0x55                                          C:/Go/src/net/fd_windows.go:152
#       0x5a47fe        net.(*conn).Read+0x6e                                           C:/Go/src/net/net.go:177
#       0x6182cc        bufio.(*Reader).fill+0x10c                                      C:/Go/src/bufio/bufio.go:100
#       0x618435        bufio.(*Reader).Peek+0x45                                       C:/Go/src/bufio/bufio.go:132
#       0x748de6        github.com/gorilla/websocket.(*Conn).read+0x46                  C:/Users/A6265078/go/src/github.com/gorilla/websocket/conn.go:357
#       0x74b442        github.com/gorilla/websocket.(*Conn).advanceFrame+0x62          C:/Users/A6265078/go/src/github.com/gorilla/websocket/conn.go:788
#       0x74c496        github.com/gorilla/websocket.(*Conn).NextReader+0xa6            C:/Users/A6265078/go/src/github.com/gorilla/websocket/conn.go:948
#       0x74cc75        github.com/gorilla/websocket.(*Conn).ReadMessage+0x35           C:/Users/A6265078/go/src/github.com/gorilla/websocket/conn.go:1029
#       0xa7307b        main.wshandler+0x18b                                            C:/Users/A6265078/Desktop/Flogo/gingonic/user/main.go:205
#       0xa7d640        main.main.func1+0x70                                            C:/Users/A6265078/Desktop/Flogo/gingonic/user/main.go:140
#       0xa203b0        github.com/gin-gonic/gin.(*Context).Next+0x40                   C:/Users/A6265078/go/src/github.com/gin-gonic/gin/context.go:109
#       0xa36565        github.com/gin-gonic/contrib/sessions.Sessions.func1+0x1a5      C:/Users/A6265078/go/src/github.com/gin-gonic/contrib/sessions/sessions.go:65
#       0xa203b0        github.com/gin-gonic/gin.(*Context).Next+0x40                   C:/Users/A6265078/go/src/github.com/gin-gonic/gin/context.go:109
#       0xa33480        github.com/gin-gonic/gin.RecoveryWithWriter.func1+0x60          C:/Users/A6265078/go/src/github.com/gin-gonic/gin/recovery.go:76
#       0xa203b0        github.com/gin-gonic/gin.(*Context).Next+0x40                   C:/Users/A6265078/go/src/github.com/gin-gonic/gin/context.go:109
#       0xa327f7        github.com/gin-gonic/gin.LoggerWithConfig.func1+0xe7            C:/Users/A6265078/go/src/github.com/gin-gonic/gin/logger.go:170
#       0xa203b0        github.com/gin-gonic/gin.(*Context).Next+0x40                   C:/Users/A6265078/go/src/github.com/gin-gonic/gin/context.go:109
#       0xa29eb1        github.com/gin-gonic/gin.(*Engine).handleHTTPRequest+0x5b1      C:/Users/A6265078/go/src/github.com/gin-gonic/gin/gin.go:383
#       0xa296e8        github.com/gin-gonic/gin.(*Engine).ServeHTTP+0x138              C:/Users/A6265078/go/src/github.com/gin-gonic/gin/gin.go:349
#       0x699d41        net/http.serverHandler.ServeHTTP+0xb1                           C:/Go/src/net/http/server.go:2741
#       0x695e4c        net/http.(*conn).serve+0x64c                                    C:/Go/src/net/http/server.go:1847

1 @ 0x4324f0 0x42bcb0 0x42b2dd 0x4d1ac1 0x4d2c47 0x4d5e19 0x4d60b2 0x591d61 0x5ac975 0x5ab37e 0x69b606 0x6bbd13 0x69a1c6 0x699e6d 0x69afbb 0xa28dff 0xa72c32 0x432117 0x45edb1
#       0x42b2dc        internal/poll.runtime_pollWait+0x6c             C:/Go/src/runtime/netpoll.go:173
#       0x4d1ac0        internal/poll.(*pollDesc).wait+0xa0             C:/Go/src/internal/poll/fd_poll_runtime.go:85
#       0x4d2c46        internal/poll.(*ioSrv).ExecIO+0x136             C:/Go/src/internal/poll/fd_windows.go:222
#       0x4d5e18        internal/poll.(*FD).acceptOne+0xa8              C:/Go/src/internal/poll/fd_windows.go:796
#       0x4d60b1        internal/poll.(*FD).Accept+0x141                C:/Go/src/internal/poll/fd_windows.go:830
#       0x591d60        net.(*netFD).accept+0x80                        C:/Go/src/net/fd_windows.go:193
#       0x5ac974        net.(*TCPListener).accept+0x34                  C:/Go/src/net/tcpsock_posix.go:139
#       0x5ab37d        net.(*TCPListener).AcceptTCP+0x4d               C:/Go/src/net/tcpsock.go:247
#       0x69b605        net/http.tcpKeepAliveListener.Accept+0x35       C:/Go/src/net/http/server.go:3232
#       0x69a1c5        net/http.(*Server).Serve+0x235                  C:/Go/src/net/http/server.go:2826
#       0x699e6c        net/http.(*Server).ListenAndServe+0xbc          C:/Go/src/net/http/server.go:2764
#       0x69afba        net/http.ListenAndServe+0x7a                    C:/Go/src/net/http/server.go:3004
#       0xa28dfe        github.com/gin-gonic/gin.(*Engine).Run+0x13e    C:/Users/A6265078/go/src/github.com/gin-gonic/gin/gin.go:293
#       0xa72c31        main.main+0x11a1                                C:/Users/A6265078/Desktop/Flogo/gingonic/user/main.go:190
#       0x432116        runtime.main+0x206                              C:/Go/src/runtime/proc.go:201

1 @ 0x4324f0 0x4325aa 0x4072ac 0x406f8b 0xa7313d 0x45edb1
#       0xa7313c        main.handleMessages+0x7c        C:/Users/A6265078/Desktop/Flogo/gingonic/user/main.go:220

1 @ 0x4324f0 0x442202 0x760dbf 0x45edb1
#       0x760dbe        database/sql.(*DB).connectionOpener+0xee        C:/Go/src/database/sql/sql.go:1001

1 @ 0x4324f0 0x442202 0x760f02 0x45edb1
#       0x760f01        database/sql.(*DB).connectionResetter+0x101     C:/Go/src/database/sql/sql.go:1014

1 @ 0x4429a3 0x7debb6 0x45edb1
#       0x7debb5        _/C_/Users/A6265078/Desktop/Flogo/gingonic/user/mod.ModMqProcess+0x195  C:/Users/A6265078/Desktop/Flogo/gingonic/user/mod/mod.go:56

1 @ 0x70a3df 0x70a1d7 0x706bfb 0x7e0711 0x45edb1
#       0x70a3de        runtime/pprof.writeRuntimeProfile+0x9e                                  C:/Go/src/runtime/pprof/pprof.go:707
#       0x70a1d6        runtime/pprof.writeGoroutine+0xa6                                       C:/Go/src/runtime/pprof/pprof.go:669
#       0x706bfa        runtime/pprof.(*Profile).WriteTo+0x3ea                                  C:/Go/src/runtime/pprof/pprof.go:328
#       0x7e0710        _/C_/Users/A6265078/Desktop/Flogo/gingonic/user/mod.ModReadWrite+0x1d0  C:/Users/A6265078/Desktop/Flogo/gingonic/user/mod/mod.go:229

1 @ 0x7e0080 0x45edb1
#       0x7e0080        _/C_/Users/A6265078/Desktop/Flogo/gingonic/user/mod.WsStatusPub+0x0     C:/Users/A6265078/Desktop/Flogo/gingonic/user/mod/mod.go:179